<?xml version="1.0" encoding="UTF-8"?>
<coverage generated="1641261301585" clover="3.2.0">
  <project timestamp="1641261301585" name="All files">
    <metrics statements="21" coveredstatements="20" conditionals="0" coveredconditionals="0" methods="9" coveredmethods="9" elements="30" coveredelements="29" complexity="0" loc="21" ncloc="21" packages="1" files="5" classes="5"/>
    <file name="analyzeArray.js" path="/Users/lore/Desktop/test/jest-test/code/analyzeArray.js">
      <metrics statements="4" coveredstatements="4" conditionals="0" coveredconditionals="0" methods="2" coveredmethods="2"/>
      <line num="1" count="1" type="stmt"/>
      <line num="2" count="1" type="stmt"/>
      <line num="3" count="6" type="stmt"/>
      <line num="10" count="1" type="stmt"/>
    </file>
    <file name="calculator.js" path="/Users/lore/Desktop/test/jest-test/code/calculator.js">
      <metrics statements="5" coveredstatements="5" conditionals="0" coveredconditionals="0" methods="4" coveredmethods="4"/>
      <line num="2" count="1" type="stmt"/>
      <line num="6" count="1" type="stmt"/>
      <line num="10" count="1" type="stmt"/>
      <line num="14" count="1" type="stmt"/>
      <line num="17" count="1" type="stmt"/>
    </file>
    <file name="capitalizeFirstLetter.js" path="/Users/lore/Desktop/test/jest-test/code/capitalizeFirstLetter.js">
      <metrics statements="2" coveredstatements="2" conditionals="0" coveredconditionals="0" methods="1" coveredmethods="1"/>
      <line num="2" count="1" type="stmt"/>
      <line num="4" count="1" type="stmt"/>
    </file>
    <file name="cipher.js" path="/Users/lore/Desktop/test/jest-test/code/cipher.js">
      <metrics statements="8" coveredstatements="7" conditionals="0" coveredconditionals="0" methods="1" coveredmethods="1"/>
      <line num="2" count="1" type="stmt"/>
      <line num="3" count="1" type="stmt"/>
      <line num="4" count="3" type="stmt"/>
      <line num="5" count="3" type="stmt"/>
      <line num="6" count="0" type="stmt"/>
      <line num="8" count="3" type="stmt"/>
      <line num="10" count="1" type="stmt"/>
      <line num="12" count="1" type="stmt"/>
    </file>
    <file name="reverse.js" path="/Users/lore/Desktop/test/jest-test/code/reverse.js">
      <metrics statements="2" coveredstatements="2" conditionals="0" coveredconditionals="0" methods="1" coveredmethods="1"/>
      <line num="2" count="1" type="stmt"/>
      <line num="4" count="1" type="stmt"/>
    </file>
  </project>
</coverage>
