{"/Users/lore/Desktop/test/jest-test/calculator.js": {"path":"/Users/lore/Desktop/test/jest-test/calculator.js","statementMap":{"0":{"start":{"line":2,"column":1},"end":{"line":2,"column":14}},"1":{"start":{"line":4,"column":0},"end":{"line":4,"column":21}}},"fnMap":{"0":{"name":"add","decl":{"start":{"line":1,"column":9},"end":{"line":1,"column":12}},"loc":{"start":{"line":1,"column":18},"end":{"line":3,"column":3}},"line":1}},"branchMap":{},"s":{"0":1,"1":1},"f":{"0":1},"b":{},"_coverageSchema":"1a1c01bbd47fc00a2c39e90264f33305004495a9","hash":"7c03bc0592db10e1ccc7e9fa3bff33e168c78bf0"}
,"/Users/lore/Desktop/test/jest-test/capitalizeFirstLetter.js": {"path":"/Users/lore/Desktop/test/jest-test/capitalizeFirstLetter.js","statementMap":{"0":{"start":{"line":2,"column":1},"end":{"line":2,"column":57}},"1":{"start":{"line":4,"column":0},"end":{"line":4,"column":39}}},"fnMap":{"0":{"name":"capitalizeFirstLetter","decl":{"start":{"line":1,"column":9},"end":{"line":1,"column":30}},"loc":{"start":{"line":1,"column":39},"end":{"line":3,"column":3}},"line":1}},"branchMap":{},"s":{"0":1,"1":1},"f":{"0":1},"b":{},"_coverageSchema":"1a1c01bbd47fc00a2c39e90264f33305004495a9","hash":"0c9efed7f20304bfd90b1fae00d31e480949cf50"}
,"/Users/lore/Desktop/test/jest-test/reverse.js": {"path":"/Users/lore/Desktop/test/jest-test/reverse.js","statementMap":{"0":{"start":{"line":2,"column":1},"end":{"line":2,"column":44}},"1":{"start":{"line":4,"column":0},"end":{"line":4,"column":25}}},"fnMap":{"0":{"name":"reverse","decl":{"start":{"line":1,"column":9},"end":{"line":1,"column":16}},"loc":{"start":{"line":1,"column":25},"end":{"line":3,"column":3}},"line":1}},"branchMap":{},"s":{"0":1,"1":1},"f":{"0":1},"b":{},"_coverageSchema":"1a1c01bbd47fc00a2c39e90264f33305004495a9","hash":"ced85f78d0b2ea685560febe99752222090f2974"}
}
